<?xml version="1.0" encoding="UTF-8"?>
<!-- Generated by org.testng.reporters.JUnitXMLReporter -->
<testsuite hostname="Maheshs-MacBook-Air.local" name="ExpediaSearchPage" tests="4" failures="0" timestamp="14 Jun 2016 14:24:09 GMT" time="0.03" errors="0">
  <testcase name="AudiA6" time="0.001" classname="com.expedia.testartifcat.TestNG_Grouping"/>
  <testcase name="BMW3Series" time="0.0" classname="com.expedia.testartifcat.TestNG_Grouping"/>
  <testcase name="BMWX3" time="0.0" classname="com.expedia.testartifcat.TestNG_Grouping"/>
  <testcase name="HondaAccord" time="0.0" classname="com.expedia.testartifcat.TestNG_Grouping"/>
</testsuite> <!-- ExpediaSearchPage -->
